# JRE version: Java(TM) SE Runtime Environment (8.0_111-b14) (build 1.8.0_111-b14)
# Java VM: Java HotSpot(TM) 64-Bit Server VM (25.111-b14 mixed mode windows-amd64 compressed oops)
Heap:
 PSYoungGen      total 28672K, used 15706K [0x00000000e0180000, 0x00000000e2180000, 0x0000000100000000)
  eden space 24576K, 63% used [0x00000000e0180000,0x00000000e10d6a38,0x00000000e1980000)
  from space 4096K, 0% used [0x00000000e1980000,0x00000000e1980000,0x00000000e1d80000)
  to   space 4096K, 0% used [0x00000000e1d80000,0x00000000e1d80000,0x00000000e2180000)
 ParOldGen       total 49152K, used 4650K [0x00000000a0400000, 0x00000000a3400000, 0x00000000e0180000)
  object space 49152K, 9% used [0x00000000a0400000,0x00000000a088ab98,0x00000000a3400000)
 Metaspace       used 18729K, capacity 19804K, committed 19840K, reserved 1067008K
  class space    used 2673K, capacity 2909K, committed 2944K, reserved 1048576K
GC Heap History (4 events):
Event: 1.367 GC heap before
{Heap before GC invocations=1 (full 0):
 PSYoungGen      total 28672K, used 22220K [0x00000000e0180000, 0x00000000e2180000, 0x0000000100000000)
  eden space 24576K, 90% used [0x00000000e0180000,0x00000000e1733340,0x00000000e1980000)
  from space 4096K, 0% used [0x00000000e1d80000,0x00000000e1d80000,0x00000000e2180000)
  to   space 4096K, 0% used [0x00000000e1980000,0x00000000e1980000,0x00000000e1d80000)
 ParOldGen       total 65536K, used 0K [0x00000000a0400000, 0x00000000a4400000, 0x00000000e0180000)
  object space 65536K, 0% used [0x00000000a0400000,0x00000000a0400000,0x00000000a4400000)
 Metaspace       used 13076K, capacity 13410K, committed 13568K, reserved 1064960K
  class space    used 1554K, capacity 1670K, committed 1792K, reserved 1048576K
Event: 1.374 GC heap after
Heap after GC invocations=1 (full 0):
 PSYoungGen      total 28672K, used 4064K [0x00000000e0180000, 0x00000000e2180000, 0x0000000100000000)
  eden space 24576K, 0% used [0x00000000e0180000,0x00000000e0180000,0x00000000e1980000)
  from space 4096K, 99% used [0x00000000e1980000,0x00000000e1d78060,0x00000000e1d80000)
  to   space 4096K, 0% used [0x00000000e1d80000,0x00000000e1d80000,0x00000000e2180000)
 ParOldGen       total 65536K, used 714K [0x00000000a0400000, 0x00000000a4400000, 0x00000000e0180000)
  object space 65536K, 1% used [0x00000000a0400000,0x00000000a04b2a88,0x00000000a4400000)
 Metaspace       used 13076K, capacity 13410K, committed 13568K, reserved 1064960K
  class space    used 1554K, capacity 1670K, committed 1792K, reserved 1048576K
}
Event: 1.374 GC heap before
{Heap before GC invocations=2 (full 1):
 PSYoungGen      total 28672K, used 4064K [0x00000000e0180000, 0x00000000e2180000, 0x0000000100000000)
  eden space 24576K, 0% used [0x00000000e0180000,0x00000000e0180000,0x00000000e1980000)
  from space 4096K, 99% used [0x00000000e1980000,0x00000000e1d78060,0x00000000e1d80000)
  to   space 4096K, 0% used [0x00000000e1d80000,0x00000000e1d80000,0x00000000e2180000)
 ParOldGen       total 65536K, used 714K [0x00000000a0400000, 0x00000000a4400000, 0x00000000e0180000)
  object space 65536K, 1% used [0x00000000a0400000,0x00000000a04b2a88,0x00000000a4400000)
 Metaspace       used 13076K, capacity 13410K, committed 13568K, reserved 1064960K
  class space    used 1554K, capacity 1670K, committed 1792K, reserved 1048576K
Event: 1.399 GC heap after
Heap after GC invocations=2 (full 1):
 PSYoungGen      total 28672K, used 0K [0x00000000e0180000, 0x00000000e2180000, 0x0000000100000000)
  eden space 24576K, 0% used [0x00000000e0180000,0x00000000e0180000,0x00000000e1980000)
  from space 4096K, 0% used [0x00000000e1980000,0x00000000e1980000,0x00000000e1d80000)
  to   space 4096K, 0% used [0x00000000e1d80000,0x00000000e1d80000,0x00000000e2180000)
 ParOldGen       total 49152K, used 4650K [0x00000000a0400000, 0x00000000a3400000, 0x00000000e0180000)
  object space 49152K, 9% used [0x00000000a0400000,0x00000000a088ab98,0x00000000a3400000)
 Metaspace       used 13076K, capacity 13410K, committed 13568K, reserved 1062912K
  class space    used 1554K, capacity 1670K, committed 1792K, reserved 1048576K
}

